\BOOKMARK [0][-]{chapter.1}{\376\377\000a\000g\000e\000n\000t\000\040\000m\000o\000d\000u\000l\000e}{}% 1
\BOOKMARK [0][-]{chapter.2}{\376\377\000m\000o\000d\000e\000l\000s\000\040\000p\000a\000c\000k\000a\000g\000e}{}% 2
\BOOKMARK [1][-]{section.2.1}{\376\377\000M\000o\000d\000e\000l\000\040\000h\000a\000n\000d\000l\000i\000n\000g\000:}{chapter.2}% 3
\BOOKMARK [1][-]{section.2.2}{\376\377\000S\000u\000b\000m\000o\000d\000u\000l\000e\000s}{chapter.2}% 4
\BOOKMARK [1][-]{section.2.3}{\376\377\000m\000o\000d\000e\000l\000s\000.\000C\000N\000N\0003\000\040\000m\000o\000d\000u\000l\000e}{chapter.2}% 5
\BOOKMARK [1][-]{section.2.4}{\376\377\000m\000o\000d\000e\000l\000s\000.\000C\000N\000N\0004\000\040\000m\000o\000d\000u\000l\000e}{chapter.2}% 6
\BOOKMARK [1][-]{section.2.5}{\376\377\000m\000o\000d\000e\000l\000s\000.\000F\000C\000N\0003\000\040\000m\000o\000d\000u\000l\000e}{chapter.2}% 7
\BOOKMARK [1][-]{section.2.6}{\376\377\000m\000o\000d\000e\000l\000s\000.\000F\000C\000N\0004\000\040\000m\000o\000d\000u\000l\000e}{chapter.2}% 8
\BOOKMARK [1][-]{section.2.7}{\376\377\000m\000o\000d\000e\000l\000s\000.\000b\000a\000s\000e\000\137\000m\000o\000d\000e\000l\000\040\000m\000o\000d\000u\000l\000e}{chapter.2}% 9
\BOOKMARK [1][-]{section.2.8}{\376\377\000M\000o\000d\000u\000l\000e\000\040\000c\000o\000n\000t\000e\000n\000t\000s}{chapter.2}% 10
\BOOKMARK [0][-]{chapter.3}{\376\377\000s\000t\000r\000a\000t\000e\000g\000y\000\040\000p\000a\000c\000k\000a\000g\000e}{}% 11
\BOOKMARK [1][-]{section.3.1}{\376\377\000S\000t\000r\000a\000t\000e\000g\000y\000\040\000h\000a\000n\000d\000l\000i\000n\000g\000:}{chapter.3}% 12
\BOOKMARK [1][-]{section.3.2}{\376\377\000S\000u\000b\000m\000o\000d\000u\000l\000e\000s}{chapter.3}% 13
\BOOKMARK [1][-]{section.3.3}{\376\377\000s\000t\000r\000a\000t\000e\000g\000y\000.\000a\000g\000e\000n\000t\000\137\000s\000t\000r\000a\000t\000e\000g\000y\000\040\000m\000o\000d\000u\000l\000e}{chapter.3}% 14
\BOOKMARK [1][-]{section.3.4}{\376\377\000s\000t\000r\000a\000t\000e\000g\000y\000.\000b\000a\000s\000e\000\137\000s\000t\000r\000a\000t\000e\000g\000y\000\040\000m\000o\000d\000u\000l\000e}{chapter.3}% 15
\BOOKMARK [1][-]{section.3.5}{\376\377\000M\000o\000d\000u\000l\000e\000\040\000c\000o\000n\000t\000e\000n\000t\000s}{chapter.3}% 16
\BOOKMARK [0][-]{chapter.4}{\376\377\000d\000a\000t\000a\000\137\000s\000e\000t\000s\000\040\000m\000o\000d\000u\000l\000e}{}% 17
\BOOKMARK [1][-]{section.4.1}{\376\377\000D\000a\000t\000a\000\040\000h\000a\000n\000d\000l\000i\000n\000g}{chapter.4}% 18
\BOOKMARK [0][-]{chapter.5}{\376\377\000c\000l\000i\000e\000n\000t\000\040\000p\000a\000c\000k\000a\000g\000e}{}% 19
\BOOKMARK [1][-]{section.5.1}{\376\377\000S\000u\000b\000m\000o\000d\000u\000l\000e\000s}{chapter.5}% 20
\BOOKMARK [1][-]{section.5.2}{\376\377\000c\000l\000i\000e\000n\000t\000.\000c\000o\000n\000t\000r\000o\000l\000l\000e\000r\000\040\000m\000o\000d\000u\000l\000e}{chapter.5}% 21
\BOOKMARK [1][-]{section.5.3}{\376\377\000c\000l\000i\000e\000n\000t\000.\000e\000v\000e\000n\000t\000s\000\040\000m\000o\000d\000u\000l\000e}{chapter.5}% 22
\BOOKMARK [1][-]{section.5.4}{\376\377\000c\000l\000i\000e\000n\000t\000.\000s\000t\000a\000t\000e\000\040\000m\000o\000d\000u\000l\000e}{chapter.5}% 23
\BOOKMARK [1][-]{section.5.5}{\376\377\000M\000o\000d\000u\000l\000e\000\040\000c\000o\000n\000t\000e\000n\000t\000s}{chapter.5}% 24
\BOOKMARK [0][-]{chapter.6}{\376\377\000I\000n\000d\000i\000c\000e\000s\000\040\000a\000n\000d\000\040\000t\000a\000b\000l\000e\000s}{}% 25
\BOOKMARK [0][-]{chapter*.101}{\376\377\000B\000i\000b\000l\000i\000o\000g\000r\000a\000p\000h\000y}{}% 26
\BOOKMARK [0][-]{section*.102}{\376\377\000P\000y\000t\000h\000o\000n\000\040\000M\000o\000d\000u\000l\000e\000\040\000I\000n\000d\000e\000x}{}% 27
\BOOKMARK [0][-]{section*.103}{\376\377\000I\000n\000d\000e\000x}{}% 28
